Beginning execution loop
SQL Server parse and compile time: 
   CPU time = 0 ms, elapsed time = 0 ms.

 SQL Server Execution Times:
   CPU time = 313 ms,  elapsed time = 17782 ms.

(17835 rows affected)
SQL Server parse and compile time: 
   CPU time = 0 ms, elapsed time = 0 ms.

 SQL Server Execution Times:
   CPU time = 297 ms,  elapsed time = 4429 ms.

(17835 rows affected)
SQL Server parse and compile time: 
   CPU time = 0 ms, elapsed time = 0 ms.

 SQL Server Execution Times:
   CPU time = 78 ms,  elapsed time = 92 ms.

(17835 rows affected)
SQL Server parse and compile time: 
   CPU time = 0 ms, elapsed time = 0 ms.

 SQL Server Execution Times:
   CPU time = 94 ms,  elapsed time = 95 ms.

(17835 rows affected)
SQL Server parse and compile time: 
   CPU time = 0 ms, elapsed time = 0 ms.

 SQL Server Execution Times:
   CPU time = 93 ms,  elapsed time = 90 ms.

(17835 rows affected)
SQL Server parse and compile time: 
   CPU time = 0 ms, elapsed time = 0 ms.

 SQL Server Execution Times:
   CPU time = 94 ms,  elapsed time = 91 ms.

(17835 rows affected)
SQL Server parse and compile time: 
   CPU time = 0 ms, elapsed time = 0 ms.

 SQL Server Execution Times:
   CPU time = 94 ms,  elapsed time = 90 ms.

(17835 rows affected)
SQL Server parse and compile time: 
   CPU time = 0 ms, elapsed time = 0 ms.

 SQL Server Execution Times:
   CPU time = 94 ms,  elapsed time = 91 ms.

(17835 rows affected)
SQL Server parse and compile time: 
   CPU time = 0 ms, elapsed time = 0 ms.

 SQL Server Execution Times:
   CPU time = 93 ms,  elapsed time = 90 ms.

(17835 rows affected)
SQL Server parse and compile time: 
   CPU time = 0 ms, elapsed time = 0 ms.

 SQL Server Execution Times:
   CPU time = 94 ms,  elapsed time = 92 ms.

(17835 rows affected)
SQL Server parse and compile time: 
   CPU time = 0 ms, elapsed time = 0 ms.

 SQL Server Execution Times:
   CPU time = 94 ms,  elapsed time = 90 ms.

(17835 rows affected)
SQL Server parse and compile time: 
   CPU time = 0 ms, elapsed time = 0 ms.

 SQL Server Execution Times:
   CPU time = 94 ms,  elapsed time = 90 ms.

(17835 rows affected)
SQL Server parse and compile time: 
   CPU time = 0 ms, elapsed time = 0 ms.

 SQL Server Execution Times:
   CPU time = 93 ms,  elapsed time = 91 ms.

(17835 rows affected)
SQL Server parse and compile time: 
   CPU time = 0 ms, elapsed time = 0 ms.

 SQL Server Execution Times:
   CPU time = 94 ms,  elapsed time = 94 ms.

(17835 rows affected)
SQL Server parse and compile time: 
   CPU time = 0 ms, elapsed time = 0 ms.

 SQL Server Execution Times:
   CPU time = 94 ms,  elapsed time = 94 ms.

(17835 rows affected)
SQL Server parse and compile time: 
   CPU time = 0 ms, elapsed time = 0 ms.

 SQL Server Execution Times:
   CPU time = 94 ms,  elapsed time = 92 ms.

(17835 rows affected)
SQL Server parse and compile time: 
   CPU time = 0 ms, elapsed time = 0 ms.

 SQL Server Execution Times:
   CPU time = 93 ms,  elapsed time = 92 ms.

(17835 rows affected)
SQL Server parse and compile time: 
   CPU time = 0 ms, elapsed time = 0 ms.

 SQL Server Execution Times:
   CPU time = 94 ms,  elapsed time = 92 ms.

(17835 rows affected)
SQL Server parse and compile time: 
   CPU time = 0 ms, elapsed time = 0 ms.

 SQL Server Execution Times:
   CPU time = 94 ms,  elapsed time = 91 ms.

(17835 rows affected)
SQL Server parse and compile time: 
   CPU time = 0 ms, elapsed time = 0 ms.

 SQL Server Execution Times:
   CPU time = 94 ms,  elapsed time = 92 ms.

(17835 rows affected)
SQL Server parse and compile time: 
   CPU time = 0 ms, elapsed time = 0 ms.

 SQL Server Execution Times:
   CPU time = 93 ms,  elapsed time = 92 ms.

(17835 rows affected)
SQL Server parse and compile time: 
   CPU time = 0 ms, elapsed time = 0 ms.

 SQL Server Execution Times:
   CPU time = 79 ms,  elapsed time = 95 ms.

(17835 rows affected)
SQL Server parse and compile time: 
   CPU time = 0 ms, elapsed time = 0 ms.

 SQL Server Execution Times:
   CPU time = 93 ms,  elapsed time = 90 ms.

(17835 rows affected)
SQL Server parse and compile time: 
   CPU time = 0 ms, elapsed time = 0 ms.

 SQL Server Execution Times:
   CPU time = 94 ms,  elapsed time = 93 ms.

(17835 rows affected)
SQL Server parse and compile time: 
   CPU time = 0 ms, elapsed time = 0 ms.

 SQL Server Execution Times:
   CPU time = 94 ms,  elapsed time = 94 ms.

(17835 rows affected)
SQL Server parse and compile time: 
   CPU time = 0 ms, elapsed time = 0 ms.

 SQL Server Execution Times:
   CPU time = 78 ms,  elapsed time = 92 ms.

(17835 rows affected)
SQL Server parse and compile time: 
   CPU time = 0 ms, elapsed time = 0 ms.

 SQL Server Execution Times:
   CPU time = 94 ms,  elapsed time = 91 ms.

(17835 rows affected)
SQL Server parse and compile time: 
   CPU time = 0 ms, elapsed time = 0 ms.

 SQL Server Execution Times:
   CPU time = 93 ms,  elapsed time = 90 ms.

(17835 rows affected)
SQL Server parse and compile time: 
   CPU time = 0 ms, elapsed time = 0 ms.

 SQL Server Execution Times:
   CPU time = 94 ms,  elapsed time = 91 ms.

(17835 rows affected)
SQL Server parse and compile time: 
   CPU time = 0 ms, elapsed time = 0 ms.

 SQL Server Execution Times:
   CPU time = 94 ms,  elapsed time = 91 ms.

(17835 rows affected)
SQL Server parse and compile time: 
   CPU time = 0 ms, elapsed time = 0 ms.

 SQL Server Execution Times:
   CPU time = 94 ms,  elapsed time = 94 ms.

(17835 rows affected)
SQL Server parse and compile time: 
   CPU time = 0 ms, elapsed time = 0 ms.

 SQL Server Execution Times:
   CPU time = 93 ms,  elapsed time = 94 ms.

(17835 rows affected)
SQL Server parse and compile time: 
   CPU time = 0 ms, elapsed time = 0 ms.

 SQL Server Execution Times:
   CPU time = 79 ms,  elapsed time = 92 ms.

(17835 rows affected)
SQL Server parse and compile time: 
   CPU time = 0 ms, elapsed time = 0 ms.

 SQL Server Execution Times:
   CPU time = 78 ms,  elapsed time = 91 ms.

(17835 rows affected)
SQL Server parse and compile time: 
   CPU time = 0 ms, elapsed time = 0 ms.

 SQL Server Execution Times:
   CPU time = 93 ms,  elapsed time = 92 ms.

(17835 rows affected)
SQL Server parse and compile time: 
   CPU time = 0 ms, elapsed time = 0 ms.

 SQL Server Execution Times:
   CPU time = 94 ms,  elapsed time = 95 ms.

(17835 rows affected)
SQL Server parse and compile time: 
   CPU time = 0 ms, elapsed time = 0 ms.

 SQL Server Execution Times:
   CPU time = 94 ms,  elapsed time = 92 ms.

(17835 rows affected)
SQL Server parse and compile time: 
   CPU time = 0 ms, elapsed time = 0 ms.

 SQL Server Execution Times:
   CPU time = 78 ms,  elapsed time = 90 ms.

(17835 rows affected)
SQL Server parse and compile time: 
   CPU time = 0 ms, elapsed time = 0 ms.

 SQL Server Execution Times:
   CPU time = 78 ms,  elapsed time = 91 ms.

(17835 rows affected)
SQL Server parse and compile time: 
   CPU time = 0 ms, elapsed time = 0 ms.

 SQL Server Execution Times:
   CPU time = 78 ms,  elapsed time = 91 ms.

(17835 rows affected)
Batch execution completed 40 times.
