Beginning execution loop

(990074 rows affected)

 SQL Server Execution Times:
   CPU time = 3250 ms,  elapsed time = 20814 ms.

(990074 rows affected)

 SQL Server Execution Times:
   CPU time = 2781 ms,  elapsed time = 14036 ms.

(990074 rows affected)

 SQL Server Execution Times:
   CPU time = 2875 ms,  elapsed time = 13945 ms.

(990074 rows affected)

 SQL Server Execution Times:
   CPU time = 2766 ms,  elapsed time = 14073 ms.

(990074 rows affected)

 SQL Server Execution Times:
   CPU time = 2719 ms,  elapsed time = 14153 ms.

(990074 rows affected)

 SQL Server Execution Times:
   CPU time = 3406 ms,  elapsed time = 14073 ms.

(990074 rows affected)

 SQL Server Execution Times:
   CPU time = 2812 ms,  elapsed time = 13940 ms.

(990074 rows affected)

 SQL Server Execution Times:
   CPU time = 3188 ms,  elapsed time = 14037 ms.

(990074 rows affected)

 SQL Server Execution Times:
   CPU time = 3109 ms,  elapsed time = 14292 ms.

(990074 rows affected)

 SQL Server Execution Times:
   CPU time = 3172 ms,  elapsed time = 14616 ms.

(990074 rows affected)

 SQL Server Execution Times:
   CPU time = 2735 ms,  elapsed time = 14881 ms.

(990074 rows affected)

 SQL Server Execution Times:
   CPU time = 2906 ms,  elapsed time = 14783 ms.

(990074 rows affected)

 SQL Server Execution Times:
   CPU time = 2922 ms,  elapsed time = 15143 ms.

(990074 rows affected)

 SQL Server Execution Times:
   CPU time = 3109 ms,  elapsed time = 18404 ms.

(990074 rows affected)

 SQL Server Execution Times:
   CPU time = 2938 ms,  elapsed time = 17833 ms.

(990074 rows affected)

 SQL Server Execution Times:
   CPU time = 3078 ms,  elapsed time = 19661 ms.

(990074 rows affected)

 SQL Server Execution Times:
   CPU time = 2906 ms,  elapsed time = 18998 ms.

(990074 rows affected)

 SQL Server Execution Times:
   CPU time = 2906 ms,  elapsed time = 19089 ms.

(990074 rows affected)

 SQL Server Execution Times:
   CPU time = 2813 ms,  elapsed time = 17358 ms.

(990074 rows affected)

 SQL Server Execution Times:
   CPU time = 2422 ms,  elapsed time = 17545 ms.

(990074 rows affected)

 SQL Server Execution Times:
   CPU time = 2968 ms,  elapsed time = 16470 ms.

(990074 rows affected)

 SQL Server Execution Times:
   CPU time = 2610 ms,  elapsed time = 16132 ms.

(990074 rows affected)

 SQL Server Execution Times:
   CPU time = 2718 ms,  elapsed time = 18215 ms.

(990074 rows affected)

 SQL Server Execution Times:
   CPU time = 3360 ms,  elapsed time = 19605 ms.

(990074 rows affected)

 SQL Server Execution Times:
   CPU time = 3203 ms,  elapsed time = 15983 ms.

(990074 rows affected)

 SQL Server Execution Times:
   CPU time = 3484 ms,  elapsed time = 20158 ms.

(990074 rows affected)

 SQL Server Execution Times:
   CPU time = 4172 ms,  elapsed time = 19211 ms.

(990074 rows affected)

 SQL Server Execution Times:
   CPU time = 3703 ms,  elapsed time = 20413 ms.

(990074 rows affected)

 SQL Server Execution Times:
   CPU time = 3157 ms,  elapsed time = 19207 ms.

(990074 rows affected)

 SQL Server Execution Times:
   CPU time = 3093 ms,  elapsed time = 16636 ms.

(990074 rows affected)

 SQL Server Execution Times:
   CPU time = 2953 ms,  elapsed time = 14756 ms.

(990074 rows affected)

 SQL Server Execution Times:
   CPU time = 3079 ms,  elapsed time = 14397 ms.

(990074 rows affected)

 SQL Server Execution Times:
   CPU time = 2859 ms,  elapsed time = 14106 ms.

(990074 rows affected)

 SQL Server Execution Times:
   CPU time = 2844 ms,  elapsed time = 15839 ms.

(990074 rows affected)

 SQL Server Execution Times:
   CPU time = 3093 ms,  elapsed time = 16067 ms.

(990074 rows affected)

 SQL Server Execution Times:
   CPU time = 3125 ms,  elapsed time = 16652 ms.

(990074 rows affected)

 SQL Server Execution Times:
   CPU time = 2922 ms,  elapsed time = 16363 ms.

(990074 rows affected)

 SQL Server Execution Times:
   CPU time = 3282 ms,  elapsed time = 15110 ms.

(990074 rows affected)

 SQL Server Execution Times:
   CPU time = 3093 ms,  elapsed time = 14658 ms.

(990074 rows affected)

 SQL Server Execution Times:
   CPU time = 3313 ms,  elapsed time = 16499 ms.
Batch execution completed 40 times.
