Beginning execution loop

 SQL Server Execution Times:
   CPU time = 2312 ms,  elapsed time = 55889 ms.

(17042 rows affected)

 SQL Server Execution Times:
   CPU time = 2140 ms,  elapsed time = 2142 ms.

(0 rows affected)

 SQL Server Execution Times:
   CPU time = 1844 ms,  elapsed time = 1844 ms.

(0 rows affected)

 SQL Server Execution Times:
   CPU time = 1844 ms,  elapsed time = 1837 ms.

(0 rows affected)

 SQL Server Execution Times:
   CPU time = 1812 ms,  elapsed time = 1815 ms.

(0 rows affected)

 SQL Server Execution Times:
   CPU time = 1813 ms,  elapsed time = 1804 ms.

(0 rows affected)

 SQL Server Execution Times:
   CPU time = 1906 ms,  elapsed time = 1912 ms.

(0 rows affected)

 SQL Server Execution Times:
   CPU time = 1812 ms,  elapsed time = 1820 ms.

(0 rows affected)

 SQL Server Execution Times:
   CPU time = 1829 ms,  elapsed time = 1824 ms.

(0 rows affected)

 SQL Server Execution Times:
   CPU time = 1828 ms,  elapsed time = 1821 ms.

(0 rows affected)

 SQL Server Execution Times:
   CPU time = 1828 ms,  elapsed time = 1831 ms.

(0 rows affected)

 SQL Server Execution Times:
   CPU time = 1812 ms,  elapsed time = 1817 ms.

(0 rows affected)

 SQL Server Execution Times:
   CPU time = 1907 ms,  elapsed time = 1904 ms.

(0 rows affected)

 SQL Server Execution Times:
   CPU time = 1828 ms,  elapsed time = 1825 ms.

(0 rows affected)

 SQL Server Execution Times:
   CPU time = 1828 ms,  elapsed time = 1824 ms.

(0 rows affected)

 SQL Server Execution Times:
   CPU time = 1812 ms,  elapsed time = 1906 ms.

(0 rows affected)

 SQL Server Execution Times:
   CPU time = 1828 ms,  elapsed time = 1825 ms.

(0 rows affected)

 SQL Server Execution Times:
   CPU time = 1844 ms,  elapsed time = 1849 ms.

(0 rows affected)

 SQL Server Execution Times:
   CPU time = 1906 ms,  elapsed time = 1902 ms.

(0 rows affected)

 SQL Server Execution Times:
   CPU time = 1797 ms,  elapsed time = 1800 ms.

(0 rows affected)

 SQL Server Execution Times:
   CPU time = 1828 ms,  elapsed time = 1821 ms.

(0 rows affected)

 SQL Server Execution Times:
   CPU time = 1813 ms,  elapsed time = 1809 ms.

(0 rows affected)

 SQL Server Execution Times:
   CPU time = 1828 ms,  elapsed time = 1823 ms.

(0 rows affected)

 SQL Server Execution Times:
   CPU time = 1859 ms,  elapsed time = 1864 ms.

(0 rows affected)

 SQL Server Execution Times:
   CPU time = 1891 ms,  elapsed time = 1879 ms.

(0 rows affected)

 SQL Server Execution Times:
   CPU time = 1828 ms,  elapsed time = 1843 ms.

(0 rows affected)

 SQL Server Execution Times:
   CPU time = 1813 ms,  elapsed time = 1815 ms.

(0 rows affected)

 SQL Server Execution Times:
   CPU time = 1812 ms,  elapsed time = 1806 ms.

(0 rows affected)

 SQL Server Execution Times:
   CPU time = 1813 ms,  elapsed time = 1819 ms.

(0 rows affected)

 SQL Server Execution Times:
   CPU time = 1922 ms,  elapsed time = 1919 ms.

(0 rows affected)

 SQL Server Execution Times:
   CPU time = 1796 ms,  elapsed time = 1826 ms.

(0 rows affected)

 SQL Server Execution Times:
   CPU time = 1813 ms,  elapsed time = 1812 ms.

(0 rows affected)

 SQL Server Execution Times:
   CPU time = 1828 ms,  elapsed time = 1824 ms.

(0 rows affected)

 SQL Server Execution Times:
   CPU time = 1813 ms,  elapsed time = 1813 ms.

(0 rows affected)

 SQL Server Execution Times:
   CPU time = 1828 ms,  elapsed time = 1827 ms.

(0 rows affected)

 SQL Server Execution Times:
   CPU time = 1922 ms,  elapsed time = 1909 ms.

(0 rows affected)

 SQL Server Execution Times:
   CPU time = 1812 ms,  elapsed time = 1816 ms.

(0 rows affected)

 SQL Server Execution Times:
   CPU time = 1797 ms,  elapsed time = 1803 ms.

(0 rows affected)

 SQL Server Execution Times:
   CPU time = 1812 ms,  elapsed time = 1807 ms.

(0 rows affected)

 SQL Server Execution Times:
   CPU time = 1797 ms,  elapsed time = 1808 ms.

(0 rows affected)
Batch execution completed 40 times.
