Beginning execution loop

(9 rows affected)

 SQL Server Execution Times:
   CPU time = 4094 ms,  elapsed time = 15450 ms.

(9 rows affected)

 SQL Server Execution Times:
   CPU time = 3609 ms,  elapsed time = 3642 ms.

(9 rows affected)

 SQL Server Execution Times:
   CPU time = 3500 ms,  elapsed time = 3527 ms.

(9 rows affected)

 SQL Server Execution Times:
   CPU time = 3531 ms,  elapsed time = 3544 ms.

(9 rows affected)

 SQL Server Execution Times:
   CPU time = 3641 ms,  elapsed time = 3659 ms.

(9 rows affected)

 SQL Server Execution Times:
   CPU time = 3578 ms,  elapsed time = 3578 ms.

(9 rows affected)

 SQL Server Execution Times:
   CPU time = 3563 ms,  elapsed time = 3566 ms.

(9 rows affected)

 SQL Server Execution Times:
   CPU time = 3734 ms,  elapsed time = 3768 ms.

(9 rows affected)

 SQL Server Execution Times:
   CPU time = 3609 ms,  elapsed time = 3636 ms.

(9 rows affected)

 SQL Server Execution Times:
   CPU time = 3657 ms,  elapsed time = 3673 ms.

(9 rows affected)

 SQL Server Execution Times:
   CPU time = 3609 ms,  elapsed time = 3661 ms.

(9 rows affected)

 SQL Server Execution Times:
   CPU time = 3703 ms,  elapsed time = 3762 ms.

(9 rows affected)

 SQL Server Execution Times:
   CPU time = 3656 ms,  elapsed time = 3648 ms.

(9 rows affected)

 SQL Server Execution Times:
   CPU time = 3532 ms,  elapsed time = 3534 ms.

(9 rows affected)

 SQL Server Execution Times:
   CPU time = 3515 ms,  elapsed time = 3513 ms.

(9 rows affected)

 SQL Server Execution Times:
   CPU time = 3641 ms,  elapsed time = 3642 ms.

(9 rows affected)

 SQL Server Execution Times:
   CPU time = 3516 ms,  elapsed time = 3523 ms.

(9 rows affected)

 SQL Server Execution Times:
   CPU time = 3500 ms,  elapsed time = 3513 ms.

(9 rows affected)

 SQL Server Execution Times:
   CPU time = 3593 ms,  elapsed time = 3611 ms.

(9 rows affected)

 SQL Server Execution Times:
   CPU time = 3532 ms,  elapsed time = 3536 ms.

(9 rows affected)

 SQL Server Execution Times:
   CPU time = 3562 ms,  elapsed time = 3578 ms.

(9 rows affected)

 SQL Server Execution Times:
   CPU time = 3609 ms,  elapsed time = 3613 ms.

(9 rows affected)

 SQL Server Execution Times:
   CPU time = 3516 ms,  elapsed time = 3527 ms.

(9 rows affected)

 SQL Server Execution Times:
   CPU time = 3563 ms,  elapsed time = 3561 ms.

(9 rows affected)

 SQL Server Execution Times:
   CPU time = 3687 ms,  elapsed time = 3676 ms.

(9 rows affected)

 SQL Server Execution Times:
   CPU time = 3703 ms,  elapsed time = 3770 ms.

(9 rows affected)

 SQL Server Execution Times:
   CPU time = 3578 ms,  elapsed time = 3586 ms.

(9 rows affected)

 SQL Server Execution Times:
   CPU time = 3672 ms,  elapsed time = 3701 ms.

(9 rows affected)

 SQL Server Execution Times:
   CPU time = 3578 ms,  elapsed time = 3588 ms.

(9 rows affected)

 SQL Server Execution Times:
   CPU time = 3563 ms,  elapsed time = 3569 ms.

(9 rows affected)

 SQL Server Execution Times:
   CPU time = 3594 ms,  elapsed time = 3586 ms.

(9 rows affected)

 SQL Server Execution Times:
   CPU time = 3515 ms,  elapsed time = 3516 ms.

(9 rows affected)

 SQL Server Execution Times:
   CPU time = 3594 ms,  elapsed time = 3600 ms.

(9 rows affected)

 SQL Server Execution Times:
   CPU time = 3531 ms,  elapsed time = 3534 ms.

(9 rows affected)

 SQL Server Execution Times:
   CPU time = 3531 ms,  elapsed time = 3535 ms.

(9 rows affected)

 SQL Server Execution Times:
   CPU time = 3610 ms,  elapsed time = 3602 ms.

(9 rows affected)

 SQL Server Execution Times:
   CPU time = 3531 ms,  elapsed time = 3537 ms.

(9 rows affected)

 SQL Server Execution Times:
   CPU time = 3531 ms,  elapsed time = 3526 ms.

(9 rows affected)

 SQL Server Execution Times:
   CPU time = 3594 ms,  elapsed time = 3594 ms.

(9 rows affected)

 SQL Server Execution Times:
   CPU time = 3500 ms,  elapsed time = 3494 ms.
Batch execution completed 40 times.
