Beginning execution loop
Warning: Null value is eliminated by an aggregate or other SET operation.

(963424 rows affected)

 SQL Server Execution Times:
   CPU time = 3266 ms,  elapsed time = 8153 ms.
Warning: Null value is eliminated by an aggregate or other SET operation.

(963424 rows affected)

 SQL Server Execution Times:
   CPU time = 2953 ms,  elapsed time = 7524 ms.
Warning: Null value is eliminated by an aggregate or other SET operation.

(963424 rows affected)

 SQL Server Execution Times:
   CPU time = 3078 ms,  elapsed time = 7609 ms.
Warning: Null value is eliminated by an aggregate or other SET operation.

(963424 rows affected)

 SQL Server Execution Times:
   CPU time = 2812 ms,  elapsed time = 7414 ms.
Warning: Null value is eliminated by an aggregate or other SET operation.

(963424 rows affected)

 SQL Server Execution Times:
   CPU time = 2891 ms,  elapsed time = 7604 ms.
Warning: Null value is eliminated by an aggregate or other SET operation.

(963424 rows affected)

 SQL Server Execution Times:
   CPU time = 2937 ms,  elapsed time = 7523 ms.
Warning: Null value is eliminated by an aggregate or other SET operation.

(963424 rows affected)

 SQL Server Execution Times:
   CPU time = 2938 ms,  elapsed time = 7619 ms.
Warning: Null value is eliminated by an aggregate or other SET operation.

(963424 rows affected)

 SQL Server Execution Times:
   CPU time = 3078 ms,  elapsed time = 8140 ms.
Warning: Null value is eliminated by an aggregate or other SET operation.

(963424 rows affected)

 SQL Server Execution Times:
   CPU time = 3031 ms,  elapsed time = 7604 ms.
Warning: Null value is eliminated by an aggregate or other SET operation.

(963424 rows affected)

 SQL Server Execution Times:
   CPU time = 2813 ms,  elapsed time = 7604 ms.
Warning: Null value is eliminated by an aggregate or other SET operation.

(963424 rows affected)

 SQL Server Execution Times:
   CPU time = 2890 ms,  elapsed time = 7419 ms.
Warning: Null value is eliminated by an aggregate or other SET operation.

(963424 rows affected)

 SQL Server Execution Times:
   CPU time = 2891 ms,  elapsed time = 7519 ms.
Warning: Null value is eliminated by an aggregate or other SET operation.

(963424 rows affected)

 SQL Server Execution Times:
   CPU time = 2750 ms,  elapsed time = 7539 ms.
Warning: Null value is eliminated by an aggregate or other SET operation.

(963424 rows affected)

 SQL Server Execution Times:
   CPU time = 2922 ms,  elapsed time = 7474 ms.
Warning: Null value is eliminated by an aggregate or other SET operation.

(963424 rows affected)

 SQL Server Execution Times:
   CPU time = 3000 ms,  elapsed time = 7512 ms.
Warning: Null value is eliminated by an aggregate or other SET operation.

(963424 rows affected)

 SQL Server Execution Times:
   CPU time = 2875 ms,  elapsed time = 7509 ms.
Warning: Null value is eliminated by an aggregate or other SET operation.

(963424 rows affected)

 SQL Server Execution Times:
   CPU time = 3016 ms,  elapsed time = 7642 ms.
Warning: Null value is eliminated by an aggregate or other SET operation.

(963424 rows affected)

 SQL Server Execution Times:
   CPU time = 2843 ms,  elapsed time = 7461 ms.
Warning: Null value is eliminated by an aggregate or other SET operation.

(963424 rows affected)

 SQL Server Execution Times:
   CPU time = 2828 ms,  elapsed time = 7576 ms.
Warning: Null value is eliminated by an aggregate or other SET operation.

(963424 rows affected)

 SQL Server Execution Times:
   CPU time = 2891 ms,  elapsed time = 7867 ms.
Warning: Null value is eliminated by an aggregate or other SET operation.

(963424 rows affected)

 SQL Server Execution Times:
   CPU time = 3016 ms,  elapsed time = 7447 ms.
Warning: Null value is eliminated by an aggregate or other SET operation.

(963424 rows affected)

 SQL Server Execution Times:
   CPU time = 2781 ms,  elapsed time = 7414 ms.
Warning: Null value is eliminated by an aggregate or other SET operation.

(963424 rows affected)

 SQL Server Execution Times:
   CPU time = 2797 ms,  elapsed time = 7536 ms.
Warning: Null value is eliminated by an aggregate or other SET operation.

(963424 rows affected)

 SQL Server Execution Times:
   CPU time = 3047 ms,  elapsed time = 7484 ms.
Warning: Null value is eliminated by an aggregate or other SET operation.

(963424 rows affected)

 SQL Server Execution Times:
   CPU time = 2734 ms,  elapsed time = 7398 ms.
Warning: Null value is eliminated by an aggregate or other SET operation.

(963424 rows affected)

 SQL Server Execution Times:
   CPU time = 3063 ms,  elapsed time = 7478 ms.
Warning: Null value is eliminated by an aggregate or other SET operation.

(963424 rows affected)

 SQL Server Execution Times:
   CPU time = 3000 ms,  elapsed time = 7958 ms.
Warning: Null value is eliminated by an aggregate or other SET operation.

(963424 rows affected)

 SQL Server Execution Times:
   CPU time = 2953 ms,  elapsed time = 7654 ms.
Warning: Null value is eliminated by an aggregate or other SET operation.

(963424 rows affected)

 SQL Server Execution Times:
   CPU time = 2954 ms,  elapsed time = 7607 ms.
Warning: Null value is eliminated by an aggregate or other SET operation.

(963424 rows affected)

 SQL Server Execution Times:
   CPU time = 3015 ms,  elapsed time = 8137 ms.
Warning: Null value is eliminated by an aggregate or other SET operation.

(963424 rows affected)

 SQL Server Execution Times:
   CPU time = 2922 ms,  elapsed time = 7533 ms.
Warning: Null value is eliminated by an aggregate or other SET operation.

(963424 rows affected)

 SQL Server Execution Times:
   CPU time = 2859 ms,  elapsed time = 7389 ms.
Warning: Null value is eliminated by an aggregate or other SET operation.

(963424 rows affected)

 SQL Server Execution Times:
   CPU time = 2860 ms,  elapsed time = 7467 ms.
Warning: Null value is eliminated by an aggregate or other SET operation.

(963424 rows affected)

 SQL Server Execution Times:
   CPU time = 2859 ms,  elapsed time = 7443 ms.
Warning: Null value is eliminated by an aggregate or other SET operation.

(963424 rows affected)

 SQL Server Execution Times:
   CPU time = 2891 ms,  elapsed time = 7556 ms.
Warning: Null value is eliminated by an aggregate or other SET operation.

(963424 rows affected)

 SQL Server Execution Times:
   CPU time = 2969 ms,  elapsed time = 7403 ms.
Warning: Null value is eliminated by an aggregate or other SET operation.

(963424 rows affected)

 SQL Server Execution Times:
   CPU time = 2953 ms,  elapsed time = 7638 ms.
Warning: Null value is eliminated by an aggregate or other SET operation.

(963424 rows affected)

 SQL Server Execution Times:
   CPU time = 2859 ms,  elapsed time = 7547 ms.
Warning: Null value is eliminated by an aggregate or other SET operation.

(963424 rows affected)

 SQL Server Execution Times:
   CPU time = 2750 ms,  elapsed time = 7397 ms.
Warning: Null value is eliminated by an aggregate or other SET operation.

(963424 rows affected)

 SQL Server Execution Times:
   CPU time = 3047 ms,  elapsed time = 7496 ms.
Batch execution completed 40 times.
