Beginning execution loop
SQL Server parse and compile time: 
   CPU time = 0 ms, elapsed time = 1 ms.

 SQL Server Execution Times:
   CPU time = 0 ms,  elapsed time = 0 ms.

 SQL Server Execution Times:
   CPU time = 0 ms,  elapsed time = 8 ms.

(1000000 rows affected)

 SQL Server Execution Times:
   CPU time = 406 ms,  elapsed time = 7394 ms.

(1000000 rows affected)

 SQL Server Execution Times:
   CPU time = 610 ms,  elapsed time = 7097 ms.

(1000000 rows affected)

 SQL Server Execution Times:
   CPU time = 515 ms,  elapsed time = 7060 ms.

(1000000 rows affected)

 SQL Server Execution Times:
   CPU time = 344 ms,  elapsed time = 6975 ms.

(1000000 rows affected)

 SQL Server Execution Times:
   CPU time = 609 ms,  elapsed time = 6879 ms.

(1000000 rows affected)

 SQL Server Execution Times:
   CPU time = 625 ms,  elapsed time = 6982 ms.

(1000000 rows affected)

 SQL Server Execution Times:
   CPU time = 703 ms,  elapsed time = 7545 ms.

(1000000 rows affected)

 SQL Server Execution Times:
   CPU time = 641 ms,  elapsed time = 7431 ms.

(1000000 rows affected)

 SQL Server Execution Times:
   CPU time = 547 ms,  elapsed time = 7033 ms.

(1000000 rows affected)

 SQL Server Execution Times:
   CPU time = 734 ms,  elapsed time = 7533 ms.

(1000000 rows affected)

 SQL Server Execution Times:
   CPU time = 532 ms,  elapsed time = 6997 ms.

(1000000 rows affected)

 SQL Server Execution Times:
   CPU time = 609 ms,  elapsed time = 7143 ms.

(1000000 rows affected)

 SQL Server Execution Times:
   CPU time = 516 ms,  elapsed time = 7183 ms.

(1000000 rows affected)

 SQL Server Execution Times:
   CPU time = 656 ms,  elapsed time = 7232 ms.

(1000000 rows affected)

 SQL Server Execution Times:
   CPU time = 672 ms,  elapsed time = 7229 ms.

(1000000 rows affected)

 SQL Server Execution Times:
   CPU time = 547 ms,  elapsed time = 7104 ms.

(1000000 rows affected)

 SQL Server Execution Times:
   CPU time = 562 ms,  elapsed time = 7233 ms.

(1000000 rows affected)

 SQL Server Execution Times:
   CPU time = 563 ms,  elapsed time = 8272 ms.

(1000000 rows affected)

 SQL Server Execution Times:
   CPU time = 515 ms,  elapsed time = 7422 ms.

(1000000 rows affected)

 SQL Server Execution Times:
   CPU time = 422 ms,  elapsed time = 7836 ms.

(1000000 rows affected)

 SQL Server Execution Times:
   CPU time = 359 ms,  elapsed time = 7430 ms.

(1000000 rows affected)

 SQL Server Execution Times:
   CPU time = 516 ms,  elapsed time = 7142 ms.

(1000000 rows affected)

 SQL Server Execution Times:
   CPU time = 594 ms,  elapsed time = 7259 ms.

(1000000 rows affected)

 SQL Server Execution Times:
   CPU time = 672 ms,  elapsed time = 7407 ms.

(1000000 rows affected)

 SQL Server Execution Times:
   CPU time = 625 ms,  elapsed time = 7275 ms.

(1000000 rows affected)

 SQL Server Execution Times:
   CPU time = 422 ms,  elapsed time = 7478 ms.

(1000000 rows affected)

 SQL Server Execution Times:
   CPU time = 437 ms,  elapsed time = 7605 ms.

(1000000 rows affected)

 SQL Server Execution Times:
   CPU time = 734 ms,  elapsed time = 9265 ms.

(1000000 rows affected)

 SQL Server Execution Times:
   CPU time = 672 ms,  elapsed time = 10153 ms.

(1000000 rows affected)

 SQL Server Execution Times:
   CPU time = 688 ms,  elapsed time = 8824 ms.

(1000000 rows affected)

 SQL Server Execution Times:
   CPU time = 578 ms,  elapsed time = 7329 ms.

(1000000 rows affected)

 SQL Server Execution Times:
   CPU time = 578 ms,  elapsed time = 7102 ms.

(1000000 rows affected)

 SQL Server Execution Times:
   CPU time = 750 ms,  elapsed time = 7363 ms.

(1000000 rows affected)

 SQL Server Execution Times:
   CPU time = 563 ms,  elapsed time = 7441 ms.

(1000000 rows affected)

 SQL Server Execution Times:
   CPU time = 609 ms,  elapsed time = 7072 ms.

(1000000 rows affected)

 SQL Server Execution Times:
   CPU time = 453 ms,  elapsed time = 7189 ms.

(1000000 rows affected)

 SQL Server Execution Times:
   CPU time = 641 ms,  elapsed time = 7386 ms.

(1000000 rows affected)

 SQL Server Execution Times:
   CPU time = 453 ms,  elapsed time = 7012 ms.

(1000000 rows affected)

 SQL Server Execution Times:
   CPU time = 453 ms,  elapsed time = 7228 ms.

(1000000 rows affected)

 SQL Server Execution Times:
   CPU time = 672 ms,  elapsed time = 7081 ms.
Batch execution completed 40 times.
