Beginning execution loop
Warning: Null value is eliminated by an aggregate or other SET operation.

(485948 rows affected)

 SQL Server Execution Times:
   CPU time = 2172 ms,  elapsed time = 4073 ms.
Warning: Null value is eliminated by an aggregate or other SET operation.

(485948 rows affected)

 SQL Server Execution Times:
   CPU time = 2031 ms,  elapsed time = 3764 ms.
Warning: Null value is eliminated by an aggregate or other SET operation.

(485948 rows affected)

 SQL Server Execution Times:
   CPU time = 2047 ms,  elapsed time = 3891 ms.
Warning: Null value is eliminated by an aggregate or other SET operation.

(485948 rows affected)

 SQL Server Execution Times:
   CPU time = 2109 ms,  elapsed time = 3787 ms.
Warning: Null value is eliminated by an aggregate or other SET operation.

(485948 rows affected)

 SQL Server Execution Times:
   CPU time = 2016 ms,  elapsed time = 3839 ms.
Warning: Null value is eliminated by an aggregate or other SET operation.

(485948 rows affected)

 SQL Server Execution Times:
   CPU time = 2078 ms,  elapsed time = 3831 ms.
Warning: Null value is eliminated by an aggregate or other SET operation.

(485948 rows affected)

 SQL Server Execution Times:
   CPU time = 2140 ms,  elapsed time = 3937 ms.
Warning: Null value is eliminated by an aggregate or other SET operation.

(485948 rows affected)

 SQL Server Execution Times:
   CPU time = 2063 ms,  elapsed time = 4190 ms.
Warning: Null value is eliminated by an aggregate or other SET operation.

(485948 rows affected)

 SQL Server Execution Times:
   CPU time = 2109 ms,  elapsed time = 3880 ms.
Warning: Null value is eliminated by an aggregate or other SET operation.

(485948 rows affected)

 SQL Server Execution Times:
   CPU time = 2032 ms,  elapsed time = 3764 ms.
Warning: Null value is eliminated by an aggregate or other SET operation.

(485948 rows affected)

 SQL Server Execution Times:
   CPU time = 2000 ms,  elapsed time = 3819 ms.
Warning: Null value is eliminated by an aggregate or other SET operation.

(485948 rows affected)

 SQL Server Execution Times:
   CPU time = 2140 ms,  elapsed time = 3931 ms.
Warning: Null value is eliminated by an aggregate or other SET operation.

(485948 rows affected)

 SQL Server Execution Times:
   CPU time = 2078 ms,  elapsed time = 3758 ms.
Warning: Null value is eliminated by an aggregate or other SET operation.

(485948 rows affected)

 SQL Server Execution Times:
   CPU time = 2203 ms,  elapsed time = 3826 ms.
Warning: Null value is eliminated by an aggregate or other SET operation.

(485948 rows affected)

 SQL Server Execution Times:
   CPU time = 2063 ms,  elapsed time = 4077 ms.
Warning: Null value is eliminated by an aggregate or other SET operation.

(485948 rows affected)

 SQL Server Execution Times:
   CPU time = 2312 ms,  elapsed time = 4103 ms.
Warning: Null value is eliminated by an aggregate or other SET operation.

(485948 rows affected)

 SQL Server Execution Times:
   CPU time = 2172 ms,  elapsed time = 4133 ms.
Warning: Null value is eliminated by an aggregate or other SET operation.

(485948 rows affected)

 SQL Server Execution Times:
   CPU time = 2063 ms,  elapsed time = 3780 ms.
Warning: Null value is eliminated by an aggregate or other SET operation.

(485948 rows affected)

 SQL Server Execution Times:
   CPU time = 2125 ms,  elapsed time = 4028 ms.
Warning: Null value is eliminated by an aggregate or other SET operation.

(485948 rows affected)

 SQL Server Execution Times:
   CPU time = 2078 ms,  elapsed time = 3732 ms.
Warning: Null value is eliminated by an aggregate or other SET operation.

(485948 rows affected)

 SQL Server Execution Times:
   CPU time = 2125 ms,  elapsed time = 3784 ms.
Warning: Null value is eliminated by an aggregate or other SET operation.

(485948 rows affected)

 SQL Server Execution Times:
   CPU time = 2187 ms,  elapsed time = 4020 ms.
Warning: Null value is eliminated by an aggregate or other SET operation.

(485948 rows affected)

 SQL Server Execution Times:
   CPU time = 2047 ms,  elapsed time = 3975 ms.
Warning: Null value is eliminated by an aggregate or other SET operation.

(485948 rows affected)

 SQL Server Execution Times:
   CPU time = 2110 ms,  elapsed time = 4132 ms.
Warning: Null value is eliminated by an aggregate or other SET operation.

(485948 rows affected)

 SQL Server Execution Times:
   CPU time = 2187 ms,  elapsed time = 4105 ms.
Warning: Null value is eliminated by an aggregate or other SET operation.

(485948 rows affected)

 SQL Server Execution Times:
   CPU time = 2063 ms,  elapsed time = 3772 ms.
Warning: Null value is eliminated by an aggregate or other SET operation.

(485948 rows affected)

 SQL Server Execution Times:
   CPU time = 2093 ms,  elapsed time = 3837 ms.
Warning: Null value is eliminated by an aggregate or other SET operation.

(485948 rows affected)

 SQL Server Execution Times:
   CPU time = 2079 ms,  elapsed time = 4399 ms.
Warning: Null value is eliminated by an aggregate or other SET operation.

(485948 rows affected)

 SQL Server Execution Times:
   CPU time = 2093 ms,  elapsed time = 3806 ms.
Warning: Null value is eliminated by an aggregate or other SET operation.

(485948 rows affected)

 SQL Server Execution Times:
   CPU time = 2063 ms,  elapsed time = 3798 ms.
Warning: Null value is eliminated by an aggregate or other SET operation.

(485948 rows affected)

 SQL Server Execution Times:
   CPU time = 2125 ms,  elapsed time = 3784 ms.
Warning: Null value is eliminated by an aggregate or other SET operation.

(485948 rows affected)

 SQL Server Execution Times:
   CPU time = 2109 ms,  elapsed time = 3751 ms.
Warning: Null value is eliminated by an aggregate or other SET operation.

(485948 rows affected)

 SQL Server Execution Times:
   CPU time = 2078 ms,  elapsed time = 3820 ms.
Warning: Null value is eliminated by an aggregate or other SET operation.

(485948 rows affected)

 SQL Server Execution Times:
   CPU time = 2110 ms,  elapsed time = 4072 ms.
Warning: Null value is eliminated by an aggregate or other SET operation.

(485948 rows affected)

 SQL Server Execution Times:
   CPU time = 2000 ms,  elapsed time = 3849 ms.
Warning: Null value is eliminated by an aggregate or other SET operation.

(485948 rows affected)

 SQL Server Execution Times:
   CPU time = 2109 ms,  elapsed time = 3752 ms.
Warning: Null value is eliminated by an aggregate or other SET operation.

(485948 rows affected)

 SQL Server Execution Times:
   CPU time = 2063 ms,  elapsed time = 3762 ms.
Warning: Null value is eliminated by an aggregate or other SET operation.

(485948 rows affected)

 SQL Server Execution Times:
   CPU time = 2015 ms,  elapsed time = 3827 ms.
Warning: Null value is eliminated by an aggregate or other SET operation.

(485948 rows affected)

 SQL Server Execution Times:
   CPU time = 2125 ms,  elapsed time = 3772 ms.
Warning: Null value is eliminated by an aggregate or other SET operation.

(485948 rows affected)

 SQL Server Execution Times:
   CPU time = 1953 ms,  elapsed time = 3749 ms.
Batch execution completed 40 times.
