Beginning execution loop

(9398 rows affected)

 SQL Server Execution Times:
   CPU time = 63 ms,  elapsed time = 10763 ms.

(9398 rows affected)

 SQL Server Execution Times:
   CPU time = 265 ms,  elapsed time = 371 ms.

(9398 rows affected)

 SQL Server Execution Times:
   CPU time = 188 ms,  elapsed time = 244 ms.

(9398 rows affected)

 SQL Server Execution Times:
   CPU time = 172 ms,  elapsed time = 189 ms.

(9398 rows affected)

 SQL Server Execution Times:
   CPU time = 156 ms,  elapsed time = 229 ms.

(9398 rows affected)

 SQL Server Execution Times:
   CPU time = 172 ms,  elapsed time = 188 ms.

(9398 rows affected)

 SQL Server Execution Times:
   CPU time = 172 ms,  elapsed time = 239 ms.

(9398 rows affected)

 SQL Server Execution Times:
   CPU time = 171 ms,  elapsed time = 185 ms.

(9398 rows affected)

 SQL Server Execution Times:
   CPU time = 172 ms,  elapsed time = 235 ms.

(9398 rows affected)

 SQL Server Execution Times:
   CPU time = 157 ms,  elapsed time = 185 ms.

(9398 rows affected)

 SQL Server Execution Times:
   CPU time = 187 ms,  elapsed time = 249 ms.

(9398 rows affected)

 SQL Server Execution Times:
   CPU time = 188 ms,  elapsed time = 192 ms.

(9398 rows affected)

 SQL Server Execution Times:
   CPU time = 171 ms,  elapsed time = 230 ms.

(9398 rows affected)

 SQL Server Execution Times:
   CPU time = 172 ms,  elapsed time = 187 ms.

(9398 rows affected)

 SQL Server Execution Times:
   CPU time = 172 ms,  elapsed time = 246 ms.

(9398 rows affected)

 SQL Server Execution Times:
   CPU time = 188 ms,  elapsed time = 194 ms.

(9398 rows affected)

 SQL Server Execution Times:
   CPU time = 156 ms,  elapsed time = 237 ms.

(9398 rows affected)

 SQL Server Execution Times:
   CPU time = 156 ms,  elapsed time = 193 ms.

(9398 rows affected)

 SQL Server Execution Times:
   CPU time = 172 ms,  elapsed time = 234 ms.

(9398 rows affected)

 SQL Server Execution Times:
   CPU time = 156 ms,  elapsed time = 185 ms.

(9398 rows affected)

 SQL Server Execution Times:
   CPU time = 157 ms,  elapsed time = 450 ms.

(9398 rows affected)

 SQL Server Execution Times:
   CPU time = 140 ms,  elapsed time = 188 ms.

(9398 rows affected)

 SQL Server Execution Times:
   CPU time = 172 ms,  elapsed time = 245 ms.

(9398 rows affected)

 SQL Server Execution Times:
   CPU time = 172 ms,  elapsed time = 185 ms.

(9398 rows affected)

 SQL Server Execution Times:
   CPU time = 156 ms,  elapsed time = 236 ms.

(9398 rows affected)

 SQL Server Execution Times:
   CPU time = 172 ms,  elapsed time = 281 ms.

(9398 rows affected)

 SQL Server Execution Times:
   CPU time = 188 ms,  elapsed time = 245 ms.

(9398 rows affected)

 SQL Server Execution Times:
   CPU time = 156 ms,  elapsed time = 189 ms.

(9398 rows affected)

 SQL Server Execution Times:
   CPU time = 187 ms,  elapsed time = 234 ms.

(9398 rows affected)

 SQL Server Execution Times:
   CPU time = 172 ms,  elapsed time = 181 ms.

(9398 rows affected)

 SQL Server Execution Times:
   CPU time = 219 ms,  elapsed time = 310 ms.

(9398 rows affected)

 SQL Server Execution Times:
   CPU time = 219 ms,  elapsed time = 320 ms.

(9398 rows affected)

 SQL Server Execution Times:
   CPU time = 187 ms,  elapsed time = 238 ms.

(9398 rows affected)

 SQL Server Execution Times:
   CPU time = 141 ms,  elapsed time = 180 ms.

(9398 rows affected)

 SQL Server Execution Times:
   CPU time = 172 ms,  elapsed time = 242 ms.

(9398 rows affected)

 SQL Server Execution Times:
   CPU time = 172 ms,  elapsed time = 194 ms.

(9398 rows affected)

 SQL Server Execution Times:
   CPU time = 156 ms,  elapsed time = 429 ms.

(9398 rows affected)

 SQL Server Execution Times:
   CPU time = 172 ms,  elapsed time = 187 ms.

(9398 rows affected)

 SQL Server Execution Times:
   CPU time = 140 ms,  elapsed time = 247 ms.

(9398 rows affected)

 SQL Server Execution Times:
   CPU time = 157 ms,  elapsed time = 199 ms.
Batch execution completed 40 times.
