Beginning execution loop

(1000000 rows affected)

 SQL Server Execution Times:
   CPU time = 672 ms,  elapsed time = 11835 ms.

(1000000 rows affected)

 SQL Server Execution Times:
   CPU time = 531 ms,  elapsed time = 7235 ms.

(1000000 rows affected)

 SQL Server Execution Times:
   CPU time = 515 ms,  elapsed time = 7881 ms.

(1000000 rows affected)

 SQL Server Execution Times:
   CPU time = 563 ms,  elapsed time = 7887 ms.

(1000000 rows affected)

 SQL Server Execution Times:
   CPU time = 547 ms,  elapsed time = 7545 ms.

(1000000 rows affected)

 SQL Server Execution Times:
   CPU time = 406 ms,  elapsed time = 8000 ms.

(1000000 rows affected)

 SQL Server Execution Times:
   CPU time = 656 ms,  elapsed time = 7339 ms.

(1000000 rows affected)

 SQL Server Execution Times:
   CPU time = 516 ms,  elapsed time = 7099 ms.

(1000000 rows affected)

 SQL Server Execution Times:
   CPU time = 578 ms,  elapsed time = 7137 ms.

(1000000 rows affected)

 SQL Server Execution Times:
   CPU time = 469 ms,  elapsed time = 6918 ms.

(1000000 rows affected)

 SQL Server Execution Times:
   CPU time = 390 ms,  elapsed time = 7185 ms.

(1000000 rows affected)

 SQL Server Execution Times:
   CPU time = 500 ms,  elapsed time = 7019 ms.

(1000000 rows affected)

 SQL Server Execution Times:
   CPU time = 360 ms,  elapsed time = 7316 ms.

(1000000 rows affected)

 SQL Server Execution Times:
   CPU time = 609 ms,  elapsed time = 7613 ms.

(1000000 rows affected)

 SQL Server Execution Times:
   CPU time = 453 ms,  elapsed time = 7339 ms.

(1000000 rows affected)

 SQL Server Execution Times:
   CPU time = 625 ms,  elapsed time = 7226 ms.

(1000000 rows affected)

 SQL Server Execution Times:
   CPU time = 485 ms,  elapsed time = 7455 ms.

(1000000 rows affected)

 SQL Server Execution Times:
   CPU time = 484 ms,  elapsed time = 7047 ms.

(1000000 rows affected)

 SQL Server Execution Times:
   CPU time = 516 ms,  elapsed time = 7057 ms.

(1000000 rows affected)

 SQL Server Execution Times:
   CPU time = 593 ms,  elapsed time = 6912 ms.

(1000000 rows affected)

 SQL Server Execution Times:
   CPU time = 579 ms,  elapsed time = 7075 ms.

(1000000 rows affected)

 SQL Server Execution Times:
   CPU time = 360 ms,  elapsed time = 7003 ms.

(1000000 rows affected)

 SQL Server Execution Times:
   CPU time = 500 ms,  elapsed time = 8234 ms.

(1000000 rows affected)

 SQL Server Execution Times:
   CPU time = 546 ms,  elapsed time = 7773 ms.

(1000000 rows affected)

 SQL Server Execution Times:
   CPU time = 422 ms,  elapsed time = 7218 ms.

(1000000 rows affected)

 SQL Server Execution Times:
   CPU time = 563 ms,  elapsed time = 7036 ms.

(1000000 rows affected)

 SQL Server Execution Times:
   CPU time = 437 ms,  elapsed time = 7332 ms.

(1000000 rows affected)

 SQL Server Execution Times:
   CPU time = 375 ms,  elapsed time = 7262 ms.

(1000000 rows affected)

 SQL Server Execution Times:
   CPU time = 641 ms,  elapsed time = 7193 ms.

(1000000 rows affected)

 SQL Server Execution Times:
   CPU time = 500 ms,  elapsed time = 6975 ms.

(1000000 rows affected)

 SQL Server Execution Times:
   CPU time = 531 ms,  elapsed time = 8206 ms.

(1000000 rows affected)

 SQL Server Execution Times:
   CPU time = 610 ms,  elapsed time = 7446 ms.

(1000000 rows affected)

 SQL Server Execution Times:
   CPU time = 656 ms,  elapsed time = 7592 ms.

(1000000 rows affected)

 SQL Server Execution Times:
   CPU time = 609 ms,  elapsed time = 8051 ms.

(1000000 rows affected)

 SQL Server Execution Times:
   CPU time = 672 ms,  elapsed time = 7605 ms.

(1000000 rows affected)

 SQL Server Execution Times:
   CPU time = 547 ms,  elapsed time = 7219 ms.

(1000000 rows affected)

 SQL Server Execution Times:
   CPU time = 469 ms,  elapsed time = 7632 ms.

(1000000 rows affected)

 SQL Server Execution Times:
   CPU time = 515 ms,  elapsed time = 7253 ms.

(1000000 rows affected)

 SQL Server Execution Times:
   CPU time = 516 ms,  elapsed time = 7092 ms.

(1000000 rows affected)

 SQL Server Execution Times:
   CPU time = 500 ms,  elapsed time = 7215 ms.
Batch execution completed 40 times.
